{"/Users/Adam_Lnenicka/netflix-clone/src/components/404/Error404.js": {"path":"/Users/Adam_Lnenicka/netflix-clone/src/components/404/Error404.js","statementMap":{"0":{"start":{"line":4,"column":17},"end":{"line":15,"column":1}},"1":{"start":{"line":5,"column":2},"end":{"line":14,"column":4}}},"fnMap":{"0":{"name":"(anonymous_0)","decl":{"start":{"line":4,"column":17},"end":{"line":4,"column":18}},"loc":{"start":{"line":4,"column":23},"end":{"line":15,"column":1}},"line":4}},"branchMap":{},"s":{"0":2,"1":1},"f":{"0":1},"b":{},"_coverageSchema":"1a1c01bbd47fc00a2c39e90264f33305004495a9","hash":"90ce20dacffd0bf4a2fde9134ca42de35506ea66"}
,"/Users/Adam_Lnenicka/netflix-clone/src/components/App/App.js": {"path":"/Users/Adam_Lnenicka/netflix-clone/src/components/App/App.js","statementMap":{"0":{"start":{"line":11,"column":12},"end":{"line":29,"column":1}},"1":{"start":{"line":12,"column":19},"end":{"line":12,"column":32}},"2":{"start":{"line":13,"column":2},"end":{"line":15,"column":9}},"3":{"start":{"line":14,"column":4},"end":{"line":14,"column":32}},"4":{"start":{"line":16,"column":2},"end":{"line":28,"column":4}}},"fnMap":{"0":{"name":"(anonymous_0)","decl":{"start":{"line":11,"column":12},"end":{"line":11,"column":13}},"loc":{"start":{"line":11,"column":18},"end":{"line":29,"column":1}},"line":11},"1":{"name":"(anonymous_1)","decl":{"start":{"line":13,"column":12},"end":{"line":13,"column":13}},"loc":{"start":{"line":13,"column":18},"end":{"line":15,"column":3}},"line":13}},"branchMap":{},"s":{"0":1,"1":0,"2":0,"3":0,"4":0},"f":{"0":0,"1":0},"b":{},"_coverageSchema":"1a1c01bbd47fc00a2c39e90264f33305004495a9","hash":"e7b01ef9031756cf4d3a5b2c6c4a9b9f2b2a4649"}
,"/Users/Adam_Lnenicka/netflix-clone/src/components/CompoundFunctions/Shorten.js": {"path":"/Users/Adam_Lnenicka/netflix-clone/src/components/CompoundFunctions/Shorten.js","statementMap":{"0":{"start":{"line":3,"column":16},"end":{"line":5,"column":1}},"1":{"start":{"line":4,"column":2},"end":{"line":4,"column":38}}},"fnMap":{"0":{"name":"(anonymous_0)","decl":{"start":{"line":3,"column":16},"end":{"line":3,"column":17}},"loc":{"start":{"line":3,"column":27},"end":{"line":5,"column":1}},"line":3}},"branchMap":{},"s":{"0":5,"1":1},"f":{"0":1},"b":{},"_coverageSchema":"1a1c01bbd47fc00a2c39e90264f33305004495a9","hash":"21e17caf35708ec7c701542fcdd7a5e956c80c19"}
,"/Users/Adam_Lnenicka/netflix-clone/src/components/ErrorBoundary/ErrorBoundary.js": {"path":"/Users/Adam_Lnenicka/netflix-clone/src/components/ErrorBoundary/ErrorBoundary.js","statementMap":{"0":{"start":{"line":5,"column":10},"end":{"line":5,"column":29}},"1":{"start":{"line":8,"column":4},"end":{"line":12,"column":7}},"2":{"start":{"line":15,"column":52},"end":{"line":15,"column":62}},"3":{"start":{"line":16,"column":4},"end":{"line":23,"column":6}}},"fnMap":{"0":{"name":"(anonymous_0)","decl":{"start":{"line":7,"column":2},"end":{"line":7,"column":3}},"loc":{"start":{"line":7,"column":38},"end":{"line":13,"column":3}},"line":7},"1":{"name":"(anonymous_1)","decl":{"start":{"line":14,"column":2},"end":{"line":14,"column":3}},"loc":{"start":{"line":14,"column":11},"end":{"line":24,"column":3}},"line":14}},"branchMap":{"0":{"loc":{"start":{"line":16,"column":11},"end":{"line":23,"column":5}},"type":"cond-expr","locations":[{"start":{"line":17,"column":6},"end":{"line":20,"column":8}},{"start":{"line":22,"column":6},"end":{"line":22,"column":25}}],"line":16}},"s":{"0":1,"1":0,"2":2,"3":2},"f":{"0":0,"1":2},"b":{"0":[1,1]},"_coverageSchema":"1a1c01bbd47fc00a2c39e90264f33305004495a9","hash":"c0000102ea0ab71f507a94b44b875035076a5524"}
,"/Users/Adam_Lnenicka/netflix-clone/src/components/ErrorBoundary/component.js": {"path":"/Users/Adam_Lnenicka/netflix-clone/src/components/ErrorBoundary/component.js","statementMap":{"0":{"start":{"line":3,"column":31},"end":{"line":26,"column":1}},"1":{"start":{"line":4,"column":2},"end":{"line":25,"column":4}},"2":{"start":{"line":19,"column":12},"end":{"line":21,"column":16}}},"fnMap":{"0":{"name":"(anonymous_0)","decl":{"start":{"line":3,"column":31},"end":{"line":3,"column":32}},"loc":{"start":{"line":3,"column":66},"end":{"line":26,"column":1}},"line":3},"1":{"name":"(anonymous_1)","decl":{"start":{"line":18,"column":15},"end":{"line":18,"column":16}},"loc":{"start":{"line":19,"column":12},"end":{"line":21,"column":16}},"line":19}},"branchMap":{},"s":{"0":4,"1":1,"2":1},"f":{"0":1,"1":1},"b":{},"_coverageSchema":"1a1c01bbd47fc00a2c39e90264f33305004495a9","hash":"4a2fb097f39db08533578e821e5b2865e38dbfab"}
,"/Users/Adam_Lnenicka/netflix-clone/src/components/FilterNavigation/FilterNavigation.js": {"path":"/Users/Adam_Lnenicka/netflix-clone/src/components/FilterNavigation/FilterNavigation.js","statementMap":{"0":{"start":{"line":5,"column":25},"end":{"line":18,"column":1}},"1":{"start":{"line":6,"column":19},"end":{"line":6,"column":32}},"2":{"start":{"line":7,"column":2},"end":{"line":17,"column":4}},"3":{"start":{"line":9,"column":46},"end":{"line":9,"column":74}},"4":{"start":{"line":12,"column":29},"end":{"line":12,"column":59}},"5":{"start":{"line":13,"column":29},"end":{"line":13,"column":61}},"6":{"start":{"line":14,"column":29},"end":{"line":14,"column":60}},"7":{"start":{"line":15,"column":29},"end":{"line":15,"column":60}}},"fnMap":{"0":{"name":"(anonymous_0)","decl":{"start":{"line":5,"column":25},"end":{"line":5,"column":26}},"loc":{"start":{"line":5,"column":31},"end":{"line":18,"column":1}},"line":5},"1":{"name":"(anonymous_1)","decl":{"start":{"line":9,"column":40},"end":{"line":9,"column":41}},"loc":{"start":{"line":9,"column":46},"end":{"line":9,"column":74}},"line":9},"2":{"name":"(anonymous_2)","decl":{"start":{"line":12,"column":23},"end":{"line":12,"column":24}},"loc":{"start":{"line":12,"column":29},"end":{"line":12,"column":59}},"line":12},"3":{"name":"(anonymous_3)","decl":{"start":{"line":13,"column":23},"end":{"line":13,"column":24}},"loc":{"start":{"line":13,"column":29},"end":{"line":13,"column":61}},"line":13},"4":{"name":"(anonymous_4)","decl":{"start":{"line":14,"column":23},"end":{"line":14,"column":24}},"loc":{"start":{"line":14,"column":29},"end":{"line":14,"column":60}},"line":14},"5":{"name":"(anonymous_5)","decl":{"start":{"line":15,"column":23},"end":{"line":15,"column":24}},"loc":{"start":{"line":15,"column":29},"end":{"line":15,"column":60}},"line":15}},"branchMap":{},"s":{"0":4,"1":2,"2":2,"3":1,"4":0,"5":0,"6":0,"7":0},"f":{"0":2,"1":1,"2":0,"3":0,"4":0,"5":0},"b":{},"_coverageSchema":"1a1c01bbd47fc00a2c39e90264f33305004495a9","hash":"f870ead92a83f17c7d5ada6b1e2e2a64f80258eb"}
,"/Users/Adam_Lnenicka/netflix-clone/src/components/FilterNavigation/Navigation.js": {"path":"/Users/Adam_Lnenicka/netflix-clone/src/components/FilterNavigation/Navigation.js","statementMap":{"0":{"start":{"line":5,"column":19},"end":{"line":15,"column":1}},"1":{"start":{"line":6,"column":2},"end":{"line":14,"column":4}}},"fnMap":{"0":{"name":"(anonymous_0)","decl":{"start":{"line":5,"column":19},"end":{"line":5,"column":20}},"loc":{"start":{"line":5,"column":25},"end":{"line":15,"column":1}},"line":5}},"branchMap":{},"s":{"0":3,"1":1},"f":{"0":1},"b":{},"_coverageSchema":"1a1c01bbd47fc00a2c39e90264f33305004495a9","hash":"0ddaa8e1272c81dddc758e62991ce1a21de04d3a"}
,"/Users/Adam_Lnenicka/netflix-clone/src/components/Footer/Footer.js": {"path":"/Users/Adam_Lnenicka/netflix-clone/src/components/Footer/Footer.js","statementMap":{"0":{"start":{"line":3,"column":15},"end":{"line":11,"column":1}},"1":{"start":{"line":4,"column":2},"end":{"line":10,"column":4}}},"fnMap":{"0":{"name":"(anonymous_0)","decl":{"start":{"line":3,"column":15},"end":{"line":3,"column":16}},"loc":{"start":{"line":3,"column":21},"end":{"line":11,"column":1}},"line":3}},"branchMap":{},"s":{"0":2,"1":0},"f":{"0":0},"b":{},"_coverageSchema":"1a1c01bbd47fc00a2c39e90264f33305004495a9","hash":"78282a33c0d001646ad2418be598fc91c34ce6c1"}
,"/Users/Adam_Lnenicka/netflix-clone/src/components/FormikMovieForms/EditMovie.js": {"path":"/Users/Adam_Lnenicka/netflix-clone/src/components/FormikMovieForms/EditMovie.js","statementMap":{"0":{"start":{"line":7,"column":20},"end":{"line":17,"column":2}},"1":{"start":{"line":19,"column":18},"end":{"line":71,"column":1}},"2":{"start":{"line":20,"column":36},"end":{"line":20,"column":51}},"3":{"start":{"line":22,"column":23},"end":{"line":24,"column":3}},"4":{"start":{"line":23,"column":4},"end":{"line":23,"column":23}},"5":{"start":{"line":26,"column":2},"end":{"line":70,"column":4}},"6":{"start":{"line":42,"column":10},"end":{"line":61,"column":17}},"7":{"start":{"line":44,"column":14},"end":{"line":53,"column":16}}},"fnMap":{"0":{"name":"(anonymous_0)","decl":{"start":{"line":19,"column":18},"end":{"line":19,"column":19}},"loc":{"start":{"line":19,"column":24},"end":{"line":71,"column":1}},"line":19},"1":{"name":"(anonymous_1)","decl":{"start":{"line":22,"column":23},"end":{"line":22,"column":24}},"loc":{"start":{"line":22,"column":29},"end":{"line":24,"column":3}},"line":22},"2":{"name":"(anonymous_2)","decl":{"start":{"line":41,"column":9},"end":{"line":41,"column":10}},"loc":{"start":{"line":42,"column":10},"end":{"line":61,"column":17}},"line":42},"3":{"name":"(anonymous_3)","decl":{"start":{"line":43,"column":28},"end":{"line":43,"column":29}},"loc":{"start":{"line":43,"column":39},"end":{"line":54,"column":13}},"line":43}},"branchMap":{"0":{"loc":{"start":{"line":65,"column":9},"end":{"line":67,"column":16}},"type":"cond-expr","locations":[{"start":{"line":66,"column":10},"end":{"line":66,"column":74}},{"start":{"line":67,"column":12},"end":{"line":67,"column":16}}],"line":65}},"s":{"0":1,"1":1,"2":0,"3":0,"4":0,"5":0,"6":0,"7":0},"f":{"0":0,"1":0,"2":0,"3":0},"b":{"0":[0,0]},"_coverageSchema":"1a1c01bbd47fc00a2c39e90264f33305004495a9","hash":"1b9cb645d78726d717390ead1995c86a958dd1c9"}
,"/Users/Adam_Lnenicka/netflix-clone/src/components/FormikMovieForms/FormikAddMovie.js": {"path":"/Users/Adam_Lnenicka/netflix-clone/src/components/FormikMovieForms/FormikAddMovie.js","statementMap":{"0":{"start":{"line":13,"column":20},"end":{"line":27,"column":2}},"1":{"start":{"line":29,"column":23},"end":{"line":100,"column":1}},"2":{"start":{"line":30,"column":36},"end":{"line":30,"column":51}},"3":{"start":{"line":31,"column":19},"end":{"line":31,"column":32}},"4":{"start":{"line":33,"column":23},"end":{"line":40,"column":3}},"5":{"start":{"line":34,"column":4},"end":{"line":34,"column":23}},"6":{"start":{"line":35,"column":4},"end":{"line":35,"column":36}},"7":{"start":{"line":36,"column":4},"end":{"line":36,"column":41}},"8":{"start":{"line":37,"column":4},"end":{"line":37,"column":24}},"9":{"start":{"line":39,"column":4},"end":{"line":39,"column":44}},"10":{"start":{"line":42,"column":22},"end":{"line":45,"column":3}},"11":{"start":{"line":43,"column":4},"end":{"line":43,"column":36}},"12":{"start":{"line":44,"column":4},"end":{"line":44,"column":22}},"13":{"start":{"line":47,"column":2},"end":{"line":99,"column":4}},"14":{"start":{"line":69,"column":10},"end":{"line":90,"column":17}},"15":{"start":{"line":72,"column":16},"end":{"line":81,"column":18}}},"fnMap":{"0":{"name":"(anonymous_0)","decl":{"start":{"line":29,"column":23},"end":{"line":29,"column":24}},"loc":{"start":{"line":29,"column":29},"end":{"line":100,"column":1}},"line":29},"1":{"name":"(anonymous_1)","decl":{"start":{"line":33,"column":23},"end":{"line":33,"column":24}},"loc":{"start":{"line":33,"column":35},"end":{"line":40,"column":3}},"line":33},"2":{"name":"(anonymous_2)","decl":{"start":{"line":42,"column":22},"end":{"line":42,"column":23}},"loc":{"start":{"line":42,"column":34},"end":{"line":45,"column":3}},"line":42},"3":{"name":"(anonymous_3)","decl":{"start":{"line":68,"column":9},"end":{"line":68,"column":10}},"loc":{"start":{"line":69,"column":10},"end":{"line":90,"column":17}},"line":69},"4":{"name":"(anonymous_4)","decl":{"start":{"line":71,"column":30},"end":{"line":71,"column":31}},"loc":{"start":{"line":71,"column":41},"end":{"line":82,"column":15}},"line":71}},"branchMap":{"0":{"loc":{"start":{"line":94,"column":9},"end":{"line":96,"column":16}},"type":"cond-expr","locations":[{"start":{"line":95,"column":10},"end":{"line":95,"column":73}},{"start":{"line":96,"column":12},"end":{"line":96,"column":16}}],"line":94}},"s":{"0":3,"1":3,"2":7,"3":7,"4":7,"5":0,"6":0,"7":0,"8":0,"9":0,"10":7,"11":0,"12":0,"13":7,"14":7,"15":42},"f":{"0":7,"1":0,"2":0,"3":7,"4":42},"b":{"0":[0,7]},"_coverageSchema":"1a1c01bbd47fc00a2c39e90264f33305004495a9","hash":"cc0899febdcf1f91327b715c9e6d8790dd64f594"}
,"/Users/Adam_Lnenicka/netflix-clone/src/components/FormikMovieForms/FormikField.js": {"path":"/Users/Adam_Lnenicka/netflix-clone/src/components/FormikMovieForms/FormikField.js","statementMap":{"0":{"start":{"line":4,"column":20},"end":{"line":21,"column":1}},"1":{"start":{"line":5,"column":2},"end":{"line":20,"column":4}}},"fnMap":{"0":{"name":"(anonymous_0)","decl":{"start":{"line":4,"column":20},"end":{"line":4,"column":21}},"loc":{"start":{"line":4,"column":62},"end":{"line":21,"column":1}},"line":4}},"branchMap":{"0":{"loc":{"start":{"line":16,"column":7},"end":{"line":18,"column":14}},"type":"cond-expr","locations":[{"start":{"line":17,"column":8},"end":{"line":17,"column":67}},{"start":{"line":18,"column":10},"end":{"line":18,"column":14}}],"line":16},"1":{"loc":{"start":{"line":16,"column":7},"end":{"line":16,"column":40}},"type":"binary-expr","locations":[{"start":{"line":16,"column":7},"end":{"line":16,"column":21}},{"start":{"line":16,"column":25},"end":{"line":16,"column":40}}],"line":16}},"s":{"0":4,"1":43},"f":{"0":43},"b":{"0":[0,43],"1":[43,0]},"_coverageSchema":"1a1c01bbd47fc00a2c39e90264f33305004495a9","hash":"e4fa9ef74dfcb6b3385949580e5c5c2a646529d3"}
,"/Users/Adam_Lnenicka/netflix-clone/src/components/FormikMovieForms/fieldArray.js": {"path":"/Users/Adam_Lnenicka/netflix-clone/src/components/FormikMovieForms/fieldArray.js","statementMap":{"0":{"start":{"line":1,"column":26},"end":{"line":8,"column":1}}},"fnMap":{},"branchMap":{},"s":{"0":3},"f":{},"b":{},"_coverageSchema":"1a1c01bbd47fc00a2c39e90264f33305004495a9","hash":"e8e94fc2359fa35801e760d36ff3d50a7e365b73"}
,"/Users/Adam_Lnenicka/netflix-clone/src/components/InnerBanner/InnerBanner.js": {"path":"/Users/Adam_Lnenicka/netflix-clone/src/components/InnerBanner/InnerBanner.js","statementMap":{"0":{"start":{"line":5,"column":20},"end":{"line":40,"column":1}},"1":{"start":{"line":7,"column":38},"end":{"line":7,"column":50}},"2":{"start":{"line":8,"column":2},"end":{"line":39,"column":4}},"3":{"start":{"line":22,"column":14},"end":{"line":22,"column":44}},"4":{"start":{"line":23,"column":14},"end":{"line":23,"column":38}}},"fnMap":{"0":{"name":"(anonymous_0)","decl":{"start":{"line":5,"column":20},"end":{"line":5,"column":21}},"loc":{"start":{"line":5,"column":26},"end":{"line":40,"column":1}},"line":5},"1":{"name":"(anonymous_1)","decl":{"start":{"line":21,"column":22},"end":{"line":21,"column":23}},"loc":{"start":{"line":21,"column":29},"end":{"line":24,"column":13}},"line":21},"2":{"name":"(anonymous_2)","decl":{"start":{"line":30,"column":21},"end":{"line":30,"column":22}},"loc":{"start":{"line":30,"column":27},"end":{"line":32,"column":13}},"line":30}},"branchMap":{},"s":{"0":2,"1":5,"2":5,"3":1,"4":1},"f":{"0":5,"1":1,"2":1},"b":{},"_coverageSchema":"1a1c01bbd47fc00a2c39e90264f33305004495a9","hash":"b651607f2b89e517f4e97a43edc404f77101930f"}
,"/Users/Adam_Lnenicka/netflix-clone/src/components/InnerBanner/MovieBanner.js": {"path":"/Users/Adam_Lnenicka/netflix-clone/src/components/InnerBanner/MovieBanner.js","statementMap":{"0":{"start":{"line":7,"column":20},"end":{"line":46,"column":1}},"1":{"start":{"line":8,"column":22},"end":{"line":8,"column":33}},"2":{"start":{"line":9,"column":25},"end":{"line":9,"column":52}},"3":{"start":{"line":10,"column":20},"end":{"line":12,"column":3}},"4":{"start":{"line":11,"column":4},"end":{"line":11,"column":46}},"5":{"start":{"line":11,"column":26},"end":{"line":11,"column":45}},"6":{"start":{"line":14,"column":2},"end":{"line":45,"column":4}},"7":{"start":{"line":18,"column":34},"end":{"line":18,"column":47}},"8":{"start":{"line":19,"column":34},"end":{"line":19,"column":41}},"9":{"start":{"line":22,"column":11},"end":{"line":23,"column":169}},"10":{"start":{"line":31,"column":37},"end":{"line":31,"column":44}},"11":{"start":{"line":34,"column":34},"end":{"line":34,"column":48}},"12":{"start":{"line":37,"column":33},"end":{"line":37,"column":42}},"13":{"start":{"line":39,"column":44},"end":{"line":39,"column":58}},"14":{"start":{"line":40,"column":36},"end":{"line":40,"column":45}},"15":{"start":{"line":42,"column":33},"end":{"line":42,"column":43}}},"fnMap":{"0":{"name":"(anonymous_0)","decl":{"start":{"line":7,"column":20},"end":{"line":7,"column":21}},"loc":{"start":{"line":7,"column":26},"end":{"line":46,"column":1}},"line":7},"1":{"name":"(anonymous_1)","decl":{"start":{"line":10,"column":39},"end":{"line":10,"column":40}},"loc":{"start":{"line":11,"column":4},"end":{"line":11,"column":46}},"line":11},"2":{"name":"(anonymous_2)","decl":{"start":{"line":11,"column":15},"end":{"line":11,"column":16}},"loc":{"start":{"line":11,"column":26},"end":{"line":11,"column":45}},"line":11},"3":{"name":"(anonymous_3)","decl":{"start":{"line":18,"column":27},"end":{"line":18,"column":28}},"loc":{"start":{"line":18,"column":34},"end":{"line":18,"column":47}},"line":18},"4":{"name":"(anonymous_4)","decl":{"start":{"line":19,"column":27},"end":{"line":19,"column":28}},"loc":{"start":{"line":19,"column":34},"end":{"line":19,"column":41}},"line":19},"5":{"name":"(anonymous_5)","decl":{"start":{"line":21,"column":17},"end":{"line":21,"column":18}},"loc":{"start":{"line":22,"column":11},"end":{"line":23,"column":169}},"line":22},"6":{"name":"(anonymous_6)","decl":{"start":{"line":31,"column":30},"end":{"line":31,"column":31}},"loc":{"start":{"line":31,"column":37},"end":{"line":31,"column":44}},"line":31},"7":{"name":"(anonymous_7)","decl":{"start":{"line":34,"column":27},"end":{"line":34,"column":28}},"loc":{"start":{"line":34,"column":34},"end":{"line":34,"column":48}},"line":34},"8":{"name":"(anonymous_8)","decl":{"start":{"line":37,"column":26},"end":{"line":37,"column":27}},"loc":{"start":{"line":37,"column":33},"end":{"line":37,"column":42}},"line":37},"9":{"name":"(anonymous_9)","decl":{"start":{"line":39,"column":37},"end":{"line":39,"column":38}},"loc":{"start":{"line":39,"column":44},"end":{"line":39,"column":58}},"line":39},"10":{"name":"(anonymous_10)","decl":{"start":{"line":40,"column":29},"end":{"line":40,"column":30}},"loc":{"start":{"line":40,"column":36},"end":{"line":40,"column":45}},"line":40},"11":{"name":"(anonymous_11)","decl":{"start":{"line":42,"column":26},"end":{"line":42,"column":27}},"loc":{"start":{"line":42,"column":33},"end":{"line":42,"column":43}},"line":42}},"branchMap":{},"s":{"0":3,"1":0,"2":0,"3":0,"4":0,"5":0,"6":0,"7":0,"8":0,"9":0,"10":0,"11":0,"12":0,"13":0,"14":0,"15":0},"f":{"0":0,"1":0,"2":0,"3":0,"4":0,"5":0,"6":0,"7":0,"8":0,"9":0,"10":0,"11":0},"b":{},"_coverageSchema":"1a1c01bbd47fc00a2c39e90264f33305004495a9","hash":"b7922ade04042a45fc7772c778453af87af680ba"}
,"/Users/Adam_Lnenicka/netflix-clone/src/components/MovieCard/MovieCard.js": {"path":"/Users/Adam_Lnenicka/netflix-clone/src/components/MovieCard/MovieCard.js","statementMap":{"0":{"start":{"line":8,"column":18},"end":{"line":40,"column":1}},"1":{"start":{"line":16,"column":19},"end":{"line":16,"column":32}},"2":{"start":{"line":18,"column":2},"end":{"line":39,"column":4}},"3":{"start":{"line":33,"column":33},"end":{"line":33,"column":71}},"4":{"start":{"line":42,"column":0},"end":{"line":47,"column":2}}},"fnMap":{"0":{"name":"(anonymous_0)","decl":{"start":{"line":8,"column":18},"end":{"line":8,"column":19}},"loc":{"start":{"line":15,"column":6},"end":{"line":40,"column":1}},"line":15},"1":{"name":"(anonymous_1)","decl":{"start":{"line":33,"column":27},"end":{"line":33,"column":28}},"loc":{"start":{"line":33,"column":33},"end":{"line":33,"column":71}},"line":33}},"branchMap":{},"s":{"0":4,"1":1,"2":1,"3":0,"4":4},"f":{"0":1,"1":0},"b":{},"_coverageSchema":"1a1c01bbd47fc00a2c39e90264f33305004495a9","hash":"993315ff79fa96a24336edf33a7255edc3471c91"}
,"/Users/Adam_Lnenicka/netflix-clone/src/components/MovieCardsContainer/MovieCardsContainer.js": {"path":"/Users/Adam_Lnenicka/netflix-clone/src/components/MovieCardsContainer/MovieCardsContainer.js","statementMap":{"0":{"start":{"line":5,"column":28},"end":{"line":36,"column":1}},"1":{"start":{"line":6,"column":25},"end":{"line":6,"column":52}},"2":{"start":{"line":8,"column":2},"end":{"line":35,"column":4}},"3":{"start":{"line":11,"column":8},"end":{"line":32,"column":23}},"4":{"start":{"line":13,"column":12},"end":{"line":30,"column":14}},"5":{"start":{"line":19,"column":16},"end":{"line":19,"column":42}},"6":{"start":{"line":27,"column":17},"end":{"line":28,"column":175}}},"fnMap":{"0":{"name":"(anonymous_0)","decl":{"start":{"line":5,"column":28},"end":{"line":5,"column":29}},"loc":{"start":{"line":5,"column":34},"end":{"line":36,"column":1}},"line":5},"1":{"name":"(anonymous_1)","decl":{"start":{"line":10,"column":26},"end":{"line":10,"column":27}},"loc":{"start":{"line":11,"column":8},"end":{"line":32,"column":23}},"line":11},"2":{"name":"(anonymous_2)","decl":{"start":{"line":12,"column":15},"end":{"line":12,"column":16}},"loc":{"start":{"line":13,"column":12},"end":{"line":30,"column":14}},"line":13},"3":{"name":"(anonymous_3)","decl":{"start":{"line":18,"column":35},"end":{"line":18,"column":36}},"loc":{"start":{"line":19,"column":16},"end":{"line":19,"column":42}},"line":19},"4":{"name":"(anonymous_4)","decl":{"start":{"line":26,"column":22},"end":{"line":26,"column":23}},"loc":{"start":{"line":27,"column":17},"end":{"line":28,"column":175}},"line":27}},"branchMap":{},"s":{"0":3,"1":0,"2":0,"3":0,"4":0,"5":0,"6":0},"f":{"0":0,"1":0,"2":0,"3":0,"4":0},"b":{},"_coverageSchema":"1a1c01bbd47fc00a2c39e90264f33305004495a9","hash":"4ff265a9e3ba5532ed419483612ef6726587c775"}
,"/Users/Adam_Lnenicka/netflix-clone/src/components/MovieSorting/MovieSortCriteria.js": {"path":"/Users/Adam_Lnenicka/netflix-clone/src/components/MovieSorting/MovieSortCriteria.js","statementMap":{"0":{"start":{"line":10,"column":26},"end":{"line":44,"column":1}},"1":{"start":{"line":11,"column":19},"end":{"line":11,"column":32}},"2":{"start":{"line":13,"column":28},"end":{"line":27,"column":3}},"3":{"start":{"line":14,"column":4},"end":{"line":26,"column":5}},"4":{"start":{"line":16,"column":8},"end":{"line":16,"column":43}},"5":{"start":{"line":17,"column":8},"end":{"line":17,"column":14}},"6":{"start":{"line":19,"column":8},"end":{"line":19,"column":42}},"7":{"start":{"line":20,"column":8},"end":{"line":20,"column":14}},"8":{"start":{"line":22,"column":8},"end":{"line":22,"column":44}},"9":{"start":{"line":23,"column":8},"end":{"line":23,"column":14}},"10":{"start":{"line":25,"column":8},"end":{"line":25,"column":36}},"11":{"start":{"line":28,"column":2},"end":{"line":43,"column":4}},"12":{"start":{"line":34,"column":10},"end":{"line":34,"column":44}}},"fnMap":{"0":{"name":"(anonymous_0)","decl":{"start":{"line":10,"column":26},"end":{"line":10,"column":27}},"loc":{"start":{"line":10,"column":32},"end":{"line":44,"column":1}},"line":10},"1":{"name":"(anonymous_1)","decl":{"start":{"line":13,"column":28},"end":{"line":13,"column":29}},"loc":{"start":{"line":13,"column":43},"end":{"line":27,"column":3}},"line":13},"2":{"name":"(anonymous_2)","decl":{"start":{"line":33,"column":18},"end":{"line":33,"column":19}},"loc":{"start":{"line":33,"column":25},"end":{"line":35,"column":9}},"line":33}},"branchMap":{"0":{"loc":{"start":{"line":14,"column":4},"end":{"line":26,"column":5}},"type":"switch","locations":[{"start":{"line":15,"column":6},"end":{"line":17,"column":14}},{"start":{"line":18,"column":6},"end":{"line":20,"column":14}},{"start":{"line":21,"column":6},"end":{"line":23,"column":14}},{"start":{"line":24,"column":6},"end":{"line":25,"column":36}}],"line":14}},"s":{"0":4,"1":1,"2":1,"3":1,"4":1,"5":0,"6":0,"7":0,"8":0,"9":0,"10":0,"11":1,"12":1},"f":{"0":1,"1":1,"2":1},"b":{"0":[1,0,0,0]},"_coverageSchema":"1a1c01bbd47fc00a2c39e90264f33305004495a9","hash":"55e6ff2e08fcf5c69ad8981a14c861c1ceb41e1f"}
,"/Users/Adam_Lnenicka/netflix-clone/src/pages/Home.js": {"path":"/Users/Adam_Lnenicka/netflix-clone/src/pages/Home.js","statementMap":{"0":{"start":{"line":8,"column":13},"end":{"line":19,"column":1}},"1":{"start":{"line":9,"column":2},"end":{"line":18,"column":4}}},"fnMap":{"0":{"name":"(anonymous_0)","decl":{"start":{"line":8,"column":13},"end":{"line":8,"column":14}},"loc":{"start":{"line":8,"column":19},"end":{"line":19,"column":1}},"line":8}},"branchMap":{},"s":{"0":1,"1":0},"f":{"0":0},"b":{},"_coverageSchema":"1a1c01bbd47fc00a2c39e90264f33305004495a9","hash":"3afe2b09ea426dcd88a572528087504b935e80a5"}
,"/Users/Adam_Lnenicka/netflix-clone/src/pages/MoviePage/MoviePage.js": {"path":"/Users/Adam_Lnenicka/netflix-clone/src/pages/MoviePage/MoviePage.js","statementMap":{"0":{"start":{"line":8,"column":18},"end":{"line":20,"column":1}},"1":{"start":{"line":9,"column":2},"end":{"line":19,"column":4}}},"fnMap":{"0":{"name":"(anonymous_0)","decl":{"start":{"line":8,"column":18},"end":{"line":8,"column":19}},"loc":{"start":{"line":8,"column":24},"end":{"line":20,"column":1}},"line":8}},"branchMap":{},"s":{"0":2,"1":1},"f":{"0":1},"b":{},"_coverageSchema":"1a1c01bbd47fc00a2c39e90264f33305004495a9","hash":"6ccc86dddbdae79d212b6fddf77415af3a12bcea"}
,"/Users/Adam_Lnenicka/netflix-clone/src/store/actionCreators.js": {"path":"/Users/Adam_Lnenicka/netflix-clone/src/store/actionCreators.js","statementMap":{"0":{"start":{"line":9,"column":39},"end":{"line":14,"column":1}},"1":{"start":{"line":10,"column":2},"end":{"line":13,"column":4}},"2":{"start":{"line":16,"column":40},"end":{"line":21,"column":1}},"3":{"start":{"line":17,"column":2},"end":{"line":20,"column":4}},"4":{"start":{"line":23,"column":37},"end":{"line":28,"column":1}},"5":{"start":{"line":24,"column":2},"end":{"line":27,"column":4}},"6":{"start":{"line":30,"column":39},"end":{"line":35,"column":1}},"7":{"start":{"line":31,"column":2},"end":{"line":34,"column":4}},"8":{"start":{"line":37,"column":27},"end":{"line":42,"column":1}},"9":{"start":{"line":38,"column":2},"end":{"line":41,"column":4}}},"fnMap":{"0":{"name":"(anonymous_0)","decl":{"start":{"line":9,"column":39},"end":{"line":9,"column":40}},"loc":{"start":{"line":9,"column":50},"end":{"line":14,"column":1}},"line":9},"1":{"name":"(anonymous_1)","decl":{"start":{"line":16,"column":40},"end":{"line":16,"column":41}},"loc":{"start":{"line":16,"column":53},"end":{"line":21,"column":1}},"line":16},"2":{"name":"(anonymous_2)","decl":{"start":{"line":23,"column":37},"end":{"line":23,"column":38}},"loc":{"start":{"line":23,"column":48},"end":{"line":28,"column":1}},"line":23},"3":{"name":"(anonymous_3)","decl":{"start":{"line":30,"column":39},"end":{"line":30,"column":40}},"loc":{"start":{"line":30,"column":51},"end":{"line":35,"column":1}},"line":30},"4":{"name":"(anonymous_4)","decl":{"start":{"line":37,"column":27},"end":{"line":37,"column":28}},"loc":{"start":{"line":37,"column":39},"end":{"line":42,"column":1}},"line":37}},"branchMap":{},"s":{"0":8,"1":0,"2":8,"3":0,"4":8,"5":0,"6":8,"7":0,"8":8,"9":1},"f":{"0":0,"1":0,"2":0,"3":0,"4":1},"b":{},"_coverageSchema":"1a1c01bbd47fc00a2c39e90264f33305004495a9","hash":"48f933c356ce880f304d7dfccde547ef92c71af9"}
,"/Users/Adam_Lnenicka/netflix-clone/src/store/actionTypes.js": {"path":"/Users/Adam_Lnenicka/netflix-clone/src/store/actionTypes.js","statementMap":{"0":{"start":{"line":1,"column":22},"end":{"line":1,"column":30}},"1":{"start":{"line":2,"column":28},"end":{"line":2,"column":42}},"2":{"start":{"line":3,"column":27},"end":{"line":3,"column":40}},"3":{"start":{"line":4,"column":29},"end":{"line":4,"column":44}},"4":{"start":{"line":5,"column":29},"end":{"line":5,"column":44}},"5":{"start":{"line":6,"column":27},"end":{"line":6,"column":40}},"6":{"start":{"line":7,"column":21},"end":{"line":7,"column":28}},"7":{"start":{"line":8,"column":38},"end":{"line":8,"column":62}},"8":{"start":{"line":9,"column":37},"end":{"line":9,"column":60}},"9":{"start":{"line":10,"column":39},"end":{"line":10,"column":64}}},"fnMap":{},"branchMap":{},"s":{"0":11,"1":11,"2":11,"3":11,"4":11,"5":11,"6":11,"7":11,"8":11,"9":11},"f":{},"b":{},"_coverageSchema":"1a1c01bbd47fc00a2c39e90264f33305004495a9","hash":"9babe8c46b09731dc6a39b7414db7be241821d0e"}
,"/Users/Adam_Lnenicka/netflix-clone/src/store/reducer.js": {"path":"/Users/Adam_Lnenicka/netflix-clone/src/store/reducer.js","statementMap":{"0":{"start":{"line":13,"column":21},"end":{"line":18,"column":1}},"1":{"start":{"line":20,"column":20},"end":{"line":64,"column":1}},"2":{"start":{"line":21,"column":2},"end":{"line":63,"column":3}},"3":{"start":{"line":26,"column":6},"end":{"line":29,"column":8}},"4":{"start":{"line":32,"column":6},"end":{"line":35,"column":8}},"5":{"start":{"line":38,"column":28},"end":{"line":40,"column":8}},"6":{"start":{"line":39,"column":8},"end":{"line":39,"column":36}},"7":{"start":{"line":42,"column":6},"end":{"line":42,"column":51}},"8":{"start":{"line":45,"column":6},"end":{"line":48,"column":8}},"9":{"start":{"line":51,"column":6},"end":{"line":54,"column":8}},"10":{"start":{"line":57,"column":6},"end":{"line":60,"column":8}},"11":{"start":{"line":62,"column":6},"end":{"line":62,"column":19}}},"fnMap":{"0":{"name":"(anonymous_0)","decl":{"start":{"line":20,"column":20},"end":{"line":20,"column":21}},"loc":{"start":{"line":20,"column":65},"end":{"line":64,"column":1}},"line":20},"1":{"name":"(anonymous_1)","decl":{"start":{"line":38,"column":51},"end":{"line":38,"column":52}},"loc":{"start":{"line":38,"column":62},"end":{"line":40,"column":7}},"line":38}},"branchMap":{"0":{"loc":{"start":{"line":20,"column":21},"end":{"line":20,"column":41}},"type":"default-arg","locations":[{"start":{"line":20,"column":29},"end":{"line":20,"column":41}}],"line":20},"1":{"loc":{"start":{"line":21,"column":2},"end":{"line":63,"column":3}},"type":"switch","locations":[{"start":{"line":22,"column":4},"end":{"line":22,"column":23}},{"start":{"line":23,"column":4},"end":{"line":23,"column":32}},{"start":{"line":24,"column":4},"end":{"line":24,"column":31}},{"start":{"line":25,"column":4},"end":{"line":29,"column":8}},{"start":{"line":31,"column":4},"end":{"line":35,"column":8}},{"start":{"line":37,"column":4},"end":{"line":42,"column":51}},{"start":{"line":44,"column":4},"end":{"line":48,"column":8}},{"start":{"line":50,"column":4},"end":{"line":54,"column":8}},{"start":{"line":56,"column":4},"end":{"line":60,"column":8}},{"start":{"line":61,"column":4},"end":{"line":62,"column":19}}],"line":21}},"s":{"0":1,"1":1,"2":6,"3":4,"4":0,"5":0,"6":0,"7":0,"8":0,"9":1,"10":1,"11":0},"f":{"0":6,"1":0},"b":{"0":[0],"1":[1,2,3,4,0,0,0,1,1,0]},"_coverageSchema":"1a1c01bbd47fc00a2c39e90264f33305004495a9","hash":"67328af10dc9c8595f9d033104bf51fc9edf8f6d"}
,"/Users/Adam_Lnenicka/netflix-clone/src/store/selectors.js": {"path":"/Users/Adam_Lnenicka/netflix-clone/src/store/selectors.js","statementMap":{"0":{"start":{"line":4,"column":43},"end":{"line":5,"column":43}},"1":{"start":{"line":5,"column":2},"end":{"line":5,"column":43}},"2":{"start":{"line":5,"column":25},"end":{"line":5,"column":42}},"3":{"start":{"line":7,"column":43},"end":{"line":8,"column":44}},"4":{"start":{"line":8,"column":2},"end":{"line":8,"column":44}},"5":{"start":{"line":8,"column":25},"end":{"line":8,"column":43}},"6":{"start":{"line":10,"column":41},"end":{"line":11,"column":38}},"7":{"start":{"line":11,"column":2},"end":{"line":11,"column":38}},"8":{"start":{"line":11,"column":25},"end":{"line":11,"column":37}},"9":{"start":{"line":13,"column":44},"end":{"line":14,"column":46}},"10":{"start":{"line":14,"column":2},"end":{"line":14,"column":46}},"11":{"start":{"line":14,"column":28},"end":{"line":14,"column":45}},"12":{"start":{"line":16,"column":44},"end":{"line":17,"column":46}},"13":{"start":{"line":17,"column":2},"end":{"line":17,"column":46}},"14":{"start":{"line":17,"column":28},"end":{"line":17,"column":45}}},"fnMap":{"0":{"name":"(anonymous_0)","decl":{"start":{"line":4,"column":43},"end":{"line":4,"column":44}},"loc":{"start":{"line":5,"column":2},"end":{"line":5,"column":43}},"line":5},"1":{"name":"(anonymous_1)","decl":{"start":{"line":5,"column":14},"end":{"line":5,"column":15}},"loc":{"start":{"line":5,"column":25},"end":{"line":5,"column":42}},"line":5},"2":{"name":"(anonymous_2)","decl":{"start":{"line":7,"column":43},"end":{"line":7,"column":44}},"loc":{"start":{"line":8,"column":2},"end":{"line":8,"column":44}},"line":8},"3":{"name":"(anonymous_3)","decl":{"start":{"line":8,"column":14},"end":{"line":8,"column":15}},"loc":{"start":{"line":8,"column":25},"end":{"line":8,"column":43}},"line":8},"4":{"name":"(anonymous_4)","decl":{"start":{"line":10,"column":41},"end":{"line":10,"column":42}},"loc":{"start":{"line":11,"column":2},"end":{"line":11,"column":38}},"line":11},"5":{"name":"(anonymous_5)","decl":{"start":{"line":11,"column":14},"end":{"line":11,"column":15}},"loc":{"start":{"line":11,"column":25},"end":{"line":11,"column":37}},"line":11},"6":{"name":"(anonymous_6)","decl":{"start":{"line":13,"column":44},"end":{"line":13,"column":45}},"loc":{"start":{"line":14,"column":2},"end":{"line":14,"column":46}},"line":14},"7":{"name":"(anonymous_7)","decl":{"start":{"line":14,"column":17},"end":{"line":14,"column":18}},"loc":{"start":{"line":14,"column":28},"end":{"line":14,"column":45}},"line":14},"8":{"name":"(anonymous_8)","decl":{"start":{"line":16,"column":44},"end":{"line":16,"column":45}},"loc":{"start":{"line":17,"column":2},"end":{"line":17,"column":46}},"line":17},"9":{"name":"(anonymous_9)","decl":{"start":{"line":17,"column":17},"end":{"line":17,"column":18}},"loc":{"start":{"line":17,"column":28},"end":{"line":17,"column":45}},"line":17}},"branchMap":{},"s":{"0":7,"1":0,"2":0,"3":7,"4":0,"5":0,"6":7,"7":0,"8":0,"9":7,"10":2,"11":0,"12":7,"13":0,"14":0},"f":{"0":0,"1":0,"2":0,"3":0,"4":0,"5":0,"6":2,"7":0,"8":0,"9":0},"b":{},"_coverageSchema":"1a1c01bbd47fc00a2c39e90264f33305004495a9","hash":"27d12e1b1d88a358cf5372b00235535b5df451b3"}
,"/Users/Adam_Lnenicka/netflix-clone/src/store/thunk.js": {"path":"/Users/Adam_Lnenicka/netflix-clone/src/store/thunk.js","statementMap":{"0":{"start":{"line":13,"column":12},"end":{"line":13,"column":42}},"1":{"start":{"line":35,"column":31},"end":{"line":49,"column":5}},"2":{"start":{"line":35,"column":37},"end":{"line":49,"column":5}},"3":{"start":{"line":36,"column":2},"end":{"line":49,"column":5}},"4":{"start":{"line":45,"column":6},"end":{"line":48,"column":8}},"5":{"start":{"line":51,"column":38},"end":{"line":57,"column":3}},"6":{"start":{"line":51,"column":44},"end":{"line":57,"column":3}},"7":{"start":{"line":52,"column":2},"end":{"line":57,"column":3}},"8":{"start":{"line":53,"column":4},"end":{"line":56,"column":6}},"9":{"start":{"line":59,"column":39},"end":{"line":65,"column":3}},"10":{"start":{"line":59,"column":45},"end":{"line":65,"column":3}},"11":{"start":{"line":60,"column":2},"end":{"line":65,"column":3}},"12":{"start":{"line":61,"column":4},"end":{"line":64,"column":6}},"13":{"start":{"line":66,"column":37},"end":{"line":72,"column":3}},"14":{"start":{"line":66,"column":43},"end":{"line":72,"column":3}},"15":{"start":{"line":67,"column":2},"end":{"line":72,"column":3}},"16":{"start":{"line":68,"column":4},"end":{"line":71,"column":6}}},"fnMap":{"0":{"name":"(anonymous_0)","decl":{"start":{"line":35,"column":31},"end":{"line":35,"column":32}},"loc":{"start":{"line":35,"column":37},"end":{"line":49,"column":5}},"line":35},"1":{"name":"(anonymous_1)","decl":{"start":{"line":35,"column":37},"end":{"line":35,"column":38}},"loc":{"start":{"line":36,"column":2},"end":{"line":49,"column":5}},"line":36},"2":{"name":"(anonymous_2)","decl":{"start":{"line":44,"column":10},"end":{"line":44,"column":11}},"loc":{"start":{"line":45,"column":6},"end":{"line":48,"column":8}},"line":45},"3":{"name":"(anonymous_3)","decl":{"start":{"line":51,"column":38},"end":{"line":51,"column":39}},"loc":{"start":{"line":51,"column":44},"end":{"line":57,"column":3}},"line":51},"4":{"name":"(anonymous_4)","decl":{"start":{"line":51,"column":44},"end":{"line":51,"column":45}},"loc":{"start":{"line":52,"column":2},"end":{"line":57,"column":3}},"line":52},"5":{"name":"(anonymous_5)","decl":{"start":{"line":52,"column":55},"end":{"line":52,"column":56}},"loc":{"start":{"line":53,"column":4},"end":{"line":56,"column":6}},"line":53},"6":{"name":"(anonymous_6)","decl":{"start":{"line":59,"column":39},"end":{"line":59,"column":40}},"loc":{"start":{"line":59,"column":45},"end":{"line":65,"column":3}},"line":59},"7":{"name":"(anonymous_7)","decl":{"start":{"line":59,"column":45},"end":{"line":59,"column":46}},"loc":{"start":{"line":60,"column":2},"end":{"line":65,"column":3}},"line":60},"8":{"name":"(anonymous_8)","decl":{"start":{"line":60,"column":62},"end":{"line":60,"column":63}},"loc":{"start":{"line":61,"column":4},"end":{"line":64,"column":6}},"line":61},"9":{"name":"(anonymous_9)","decl":{"start":{"line":66,"column":37},"end":{"line":66,"column":38}},"loc":{"start":{"line":66,"column":43},"end":{"line":72,"column":3}},"line":66},"10":{"name":"(anonymous_10)","decl":{"start":{"line":66,"column":43},"end":{"line":66,"column":44}},"loc":{"start":{"line":67,"column":2},"end":{"line":72,"column":3}},"line":67},"11":{"name":"(anonymous_11)","decl":{"start":{"line":67,"column":62},"end":{"line":67,"column":63}},"loc":{"start":{"line":68,"column":4},"end":{"line":71,"column":6}},"line":68}},"branchMap":{},"s":{"0":5,"1":5,"2":1,"3":1,"4":1,"5":5,"6":2,"7":1,"8":1,"9":5,"10":1,"11":1,"12":1,"13":5,"14":1,"15":1,"16":1},"f":{"0":1,"1":1,"2":1,"3":2,"4":1,"5":1,"6":1,"7":1,"8":1,"9":1,"10":1,"11":1},"b":{},"_coverageSchema":"1a1c01bbd47fc00a2c39e90264f33305004495a9","hash":"bc70413dee0cdc27fad59146ed74155841191bbd"}
}
