<?xml version="1.0" encoding="UTF-8"?>
<coverage generated="1645026968808" clover="3.2.0">
  <project timestamp="1645026968808" name="All files">
    <metrics statements="43" coveredstatements="30" conditionals="13" coveredconditionals="7" methods="10" coveredmethods="7" elements="66" coveredelements="44" complexity="0" loc="43" ncloc="43" packages="3" files="4" classes="4"/>
    <package name="components.FormikMovieForms">
      <metrics statements="16" coveredstatements="9" conditionals="2" coveredconditionals="1" methods="5" coveredmethods="3"/>
      <file name="FormikAddMovie.js" path="/Users/Adam_Lnenicka/react-netflix-clone/src/components/FormikMovieForms/FormikAddMovie.js">
        <metrics statements="16" coveredstatements="9" conditionals="2" coveredconditionals="1" methods="5" coveredmethods="3"/>
        <line num="13" count="2" type="stmt"/>
        <line num="29" count="2" type="stmt"/>
        <line num="30" count="2" type="stmt"/>
        <line num="31" count="2" type="stmt"/>
        <line num="33" count="2" type="stmt"/>
        <line num="34" count="0" type="stmt"/>
        <line num="35" count="0" type="stmt"/>
        <line num="36" count="0" type="stmt"/>
        <line num="37" count="0" type="stmt"/>
        <line num="39" count="0" type="stmt"/>
        <line num="42" count="2" type="stmt"/>
        <line num="43" count="0" type="stmt"/>
        <line num="44" count="0" type="stmt"/>
        <line num="47" count="2" type="stmt"/>
        <line num="69" count="2" type="stmt"/>
        <line num="72" count="12" type="stmt"/>
      </file>
    </package>
    <package name="components.InnerBanner">
      <metrics statements="5" coveredstatements="5" conditionals="0" coveredconditionals="0" methods="3" coveredmethods="3"/>
      <file name="InnerBanner.js" path="/Users/Adam_Lnenicka/react-netflix-clone/src/components/InnerBanner/InnerBanner.js">
        <metrics statements="5" coveredstatements="5" conditionals="0" coveredconditionals="0" methods="3" coveredmethods="3"/>
        <line num="5" count="2" type="stmt"/>
        <line num="7" count="5" type="stmt"/>
        <line num="8" count="5" type="stmt"/>
        <line num="22" count="1" type="stmt"/>
        <line num="23" count="1" type="stmt"/>
      </file>
    </package>
    <package name="store">
      <metrics statements="22" coveredstatements="16" conditionals="11" coveredconditionals="6" methods="2" coveredmethods="1"/>
      <file name="actionTypes.js" path="/Users/Adam_Lnenicka/react-netflix-clone/src/store/actionTypes.js">
        <metrics statements="10" coveredstatements="10" conditionals="0" coveredconditionals="0" methods="0" coveredmethods="0"/>
        <line num="1" count="10" type="stmt"/>
        <line num="2" count="10" type="stmt"/>
        <line num="3" count="10" type="stmt"/>
        <line num="4" count="10" type="stmt"/>
        <line num="5" count="10" type="stmt"/>
        <line num="6" count="10" type="stmt"/>
        <line num="7" count="10" type="stmt"/>
        <line num="8" count="10" type="stmt"/>
        <line num="9" count="10" type="stmt"/>
        <line num="10" count="10" type="stmt"/>
      </file>
      <file name="reducer.js" path="/Users/Adam_Lnenicka/react-netflix-clone/src/store/reducer.js">
        <metrics statements="12" coveredstatements="6" conditionals="11" coveredconditionals="6" methods="2" coveredmethods="1"/>
        <line num="13" count="1" type="stmt"/>
        <line num="20" count="1" type="cond" truecount="0" falsecount="1"/>
        <line num="21" count="6" type="cond" truecount="6" falsecount="4"/>
        <line num="26" count="4" type="stmt"/>
        <line num="32" count="0" type="stmt"/>
        <line num="38" count="0" type="stmt"/>
        <line num="39" count="0" type="stmt"/>
        <line num="42" count="0" type="stmt"/>
        <line num="45" count="0" type="stmt"/>
        <line num="51" count="1" type="stmt"/>
        <line num="57" count="1" type="stmt"/>
        <line num="62" count="0" type="stmt"/>
      </file>
    </package>
  </project>
</coverage>
