{"/Users/Adam_Lnenicka/react-netflix-clone/src/components/FilterNavigation/FilterNavigation.js": {"path":"/Users/Adam_Lnenicka/react-netflix-clone/src/components/FilterNavigation/FilterNavigation.js","statementMap":{"0":{"start":{"line":5,"column":25},"end":{"line":18,"column":1}},"1":{"start":{"line":6,"column":19},"end":{"line":6,"column":32}},"2":{"start":{"line":7,"column":2},"end":{"line":17,"column":4}},"3":{"start":{"line":9,"column":46},"end":{"line":9,"column":74}},"4":{"start":{"line":12,"column":29},"end":{"line":12,"column":59}},"5":{"start":{"line":13,"column":29},"end":{"line":13,"column":61}},"6":{"start":{"line":14,"column":29},"end":{"line":14,"column":60}},"7":{"start":{"line":15,"column":29},"end":{"line":15,"column":60}}},"fnMap":{"0":{"name":"(anonymous_0)","decl":{"start":{"line":5,"column":25},"end":{"line":5,"column":26}},"loc":{"start":{"line":5,"column":31},"end":{"line":18,"column":1}},"line":5},"1":{"name":"(anonymous_1)","decl":{"start":{"line":9,"column":40},"end":{"line":9,"column":41}},"loc":{"start":{"line":9,"column":46},"end":{"line":9,"column":74}},"line":9},"2":{"name":"(anonymous_2)","decl":{"start":{"line":12,"column":23},"end":{"line":12,"column":24}},"loc":{"start":{"line":12,"column":29},"end":{"line":12,"column":59}},"line":12},"3":{"name":"(anonymous_3)","decl":{"start":{"line":13,"column":23},"end":{"line":13,"column":24}},"loc":{"start":{"line":13,"column":29},"end":{"line":13,"column":61}},"line":13},"4":{"name":"(anonymous_4)","decl":{"start":{"line":14,"column":23},"end":{"line":14,"column":24}},"loc":{"start":{"line":14,"column":29},"end":{"line":14,"column":60}},"line":14},"5":{"name":"(anonymous_5)","decl":{"start":{"line":15,"column":23},"end":{"line":15,"column":24}},"loc":{"start":{"line":15,"column":29},"end":{"line":15,"column":60}},"line":15}},"branchMap":{},"s":{"0":3,"1":1,"2":1,"3":1,"4":0,"5":0,"6":0,"7":0},"f":{"0":1,"1":1,"2":0,"3":0,"4":0,"5":0},"b":{},"_coverageSchema":"1a1c01bbd47fc00a2c39e90264f33305004495a9","hash":"9b1c4fabe13636e99243e416b2b4dbfa1440eab4"}
,"/Users/Adam_Lnenicka/react-netflix-clone/src/components/FormikMovieForms/FormikAddMovie.js": {"path":"/Users/Adam_Lnenicka/react-netflix-clone/src/components/FormikMovieForms/FormikAddMovie.js","statementMap":{"0":{"start":{"line":13,"column":20},"end":{"line":27,"column":2}},"1":{"start":{"line":29,"column":23},"end":{"line":100,"column":1}},"2":{"start":{"line":30,"column":36},"end":{"line":30,"column":51}},"3":{"start":{"line":31,"column":19},"end":{"line":31,"column":32}},"4":{"start":{"line":33,"column":23},"end":{"line":40,"column":3}},"5":{"start":{"line":34,"column":4},"end":{"line":34,"column":23}},"6":{"start":{"line":35,"column":4},"end":{"line":35,"column":36}},"7":{"start":{"line":36,"column":4},"end":{"line":36,"column":41}},"8":{"start":{"line":37,"column":4},"end":{"line":37,"column":24}},"9":{"start":{"line":39,"column":4},"end":{"line":39,"column":44}},"10":{"start":{"line":42,"column":22},"end":{"line":45,"column":3}},"11":{"start":{"line":43,"column":4},"end":{"line":43,"column":36}},"12":{"start":{"line":44,"column":4},"end":{"line":44,"column":22}},"13":{"start":{"line":47,"column":2},"end":{"line":99,"column":4}},"14":{"start":{"line":69,"column":10},"end":{"line":90,"column":17}},"15":{"start":{"line":72,"column":16},"end":{"line":81,"column":18}}},"fnMap":{"0":{"name":"(anonymous_0)","decl":{"start":{"line":29,"column":23},"end":{"line":29,"column":24}},"loc":{"start":{"line":29,"column":29},"end":{"line":100,"column":1}},"line":29},"1":{"name":"(anonymous_1)","decl":{"start":{"line":33,"column":23},"end":{"line":33,"column":24}},"loc":{"start":{"line":33,"column":35},"end":{"line":40,"column":3}},"line":33},"2":{"name":"(anonymous_2)","decl":{"start":{"line":42,"column":22},"end":{"line":42,"column":23}},"loc":{"start":{"line":42,"column":34},"end":{"line":45,"column":3}},"line":42},"3":{"name":"(anonymous_3)","decl":{"start":{"line":68,"column":9},"end":{"line":68,"column":10}},"loc":{"start":{"line":69,"column":10},"end":{"line":90,"column":17}},"line":69},"4":{"name":"(anonymous_4)","decl":{"start":{"line":71,"column":30},"end":{"line":71,"column":31}},"loc":{"start":{"line":71,"column":41},"end":{"line":82,"column":15}},"line":71}},"branchMap":{"0":{"loc":{"start":{"line":94,"column":9},"end":{"line":96,"column":16}},"type":"cond-expr","locations":[{"start":{"line":95,"column":10},"end":{"line":95,"column":73}},{"start":{"line":96,"column":12},"end":{"line":96,"column":16}}],"line":94}},"s":{"0":2,"1":2,"2":4,"3":4,"4":4,"5":0,"6":0,"7":0,"8":0,"9":0,"10":4,"11":0,"12":0,"13":4,"14":4,"15":24},"f":{"0":4,"1":0,"2":0,"3":4,"4":24},"b":{"0":[0,4]},"_coverageSchema":"1a1c01bbd47fc00a2c39e90264f33305004495a9","hash":"a25023e46b38237466ca16f5c2fd676eb0850a00"}
,"/Users/Adam_Lnenicka/react-netflix-clone/src/components/InnerBanner/InnerBanner.js": {"path":"/Users/Adam_Lnenicka/react-netflix-clone/src/components/InnerBanner/InnerBanner.js","statementMap":{"0":{"start":{"line":5,"column":20},"end":{"line":40,"column":1}},"1":{"start":{"line":7,"column":38},"end":{"line":7,"column":50}},"2":{"start":{"line":8,"column":2},"end":{"line":39,"column":4}},"3":{"start":{"line":22,"column":14},"end":{"line":22,"column":44}},"4":{"start":{"line":23,"column":14},"end":{"line":23,"column":38}}},"fnMap":{"0":{"name":"(anonymous_0)","decl":{"start":{"line":5,"column":20},"end":{"line":5,"column":21}},"loc":{"start":{"line":5,"column":26},"end":{"line":40,"column":1}},"line":5},"1":{"name":"(anonymous_1)","decl":{"start":{"line":21,"column":22},"end":{"line":21,"column":23}},"loc":{"start":{"line":21,"column":29},"end":{"line":24,"column":13}},"line":21},"2":{"name":"(anonymous_2)","decl":{"start":{"line":30,"column":21},"end":{"line":30,"column":22}},"loc":{"start":{"line":30,"column":27},"end":{"line":32,"column":13}},"line":30}},"branchMap":{},"s":{"0":2,"1":5,"2":5,"3":1,"4":1},"f":{"0":5,"1":1,"2":1},"b":{},"_coverageSchema":"1a1c01bbd47fc00a2c39e90264f33305004495a9","hash":"fcf6f78ca7b5610b4a0b3fca5fed15985d58260c"}
,"/Users/Adam_Lnenicka/react-netflix-clone/src/components/InnerBanner/MovieBanner.js": {"path":"/Users/Adam_Lnenicka/react-netflix-clone/src/components/InnerBanner/MovieBanner.js","statementMap":{"0":{"start":{"line":7,"column":20},"end":{"line":46,"column":1}},"1":{"start":{"line":8,"column":22},"end":{"line":8,"column":33}},"2":{"start":{"line":9,"column":25},"end":{"line":9,"column":52}},"3":{"start":{"line":10,"column":20},"end":{"line":12,"column":3}},"4":{"start":{"line":11,"column":4},"end":{"line":11,"column":46}},"5":{"start":{"line":11,"column":26},"end":{"line":11,"column":45}},"6":{"start":{"line":14,"column":2},"end":{"line":45,"column":4}},"7":{"start":{"line":18,"column":34},"end":{"line":18,"column":47}},"8":{"start":{"line":19,"column":34},"end":{"line":19,"column":41}},"9":{"start":{"line":22,"column":11},"end":{"line":23,"column":169}},"10":{"start":{"line":31,"column":37},"end":{"line":31,"column":44}},"11":{"start":{"line":34,"column":34},"end":{"line":34,"column":48}},"12":{"start":{"line":37,"column":33},"end":{"line":37,"column":42}},"13":{"start":{"line":39,"column":44},"end":{"line":39,"column":58}},"14":{"start":{"line":40,"column":36},"end":{"line":40,"column":45}},"15":{"start":{"line":42,"column":33},"end":{"line":42,"column":43}}},"fnMap":{"0":{"name":"(anonymous_0)","decl":{"start":{"line":7,"column":20},"end":{"line":7,"column":21}},"loc":{"start":{"line":7,"column":26},"end":{"line":46,"column":1}},"line":7},"1":{"name":"(anonymous_1)","decl":{"start":{"line":10,"column":39},"end":{"line":10,"column":40}},"loc":{"start":{"line":11,"column":4},"end":{"line":11,"column":46}},"line":11},"2":{"name":"(anonymous_2)","decl":{"start":{"line":11,"column":15},"end":{"line":11,"column":16}},"loc":{"start":{"line":11,"column":26},"end":{"line":11,"column":45}},"line":11},"3":{"name":"(anonymous_3)","decl":{"start":{"line":18,"column":27},"end":{"line":18,"column":28}},"loc":{"start":{"line":18,"column":34},"end":{"line":18,"column":47}},"line":18},"4":{"name":"(anonymous_4)","decl":{"start":{"line":19,"column":27},"end":{"line":19,"column":28}},"loc":{"start":{"line":19,"column":34},"end":{"line":19,"column":41}},"line":19},"5":{"name":"(anonymous_5)","decl":{"start":{"line":21,"column":17},"end":{"line":21,"column":18}},"loc":{"start":{"line":22,"column":11},"end":{"line":23,"column":169}},"line":22},"6":{"name":"(anonymous_6)","decl":{"start":{"line":31,"column":30},"end":{"line":31,"column":31}},"loc":{"start":{"line":31,"column":37},"end":{"line":31,"column":44}},"line":31},"7":{"name":"(anonymous_7)","decl":{"start":{"line":34,"column":27},"end":{"line":34,"column":28}},"loc":{"start":{"line":34,"column":34},"end":{"line":34,"column":48}},"line":34},"8":{"name":"(anonymous_8)","decl":{"start":{"line":37,"column":26},"end":{"line":37,"column":27}},"loc":{"start":{"line":37,"column":33},"end":{"line":37,"column":42}},"line":37},"9":{"name":"(anonymous_9)","decl":{"start":{"line":39,"column":37},"end":{"line":39,"column":38}},"loc":{"start":{"line":39,"column":44},"end":{"line":39,"column":58}},"line":39},"10":{"name":"(anonymous_10)","decl":{"start":{"line":40,"column":29},"end":{"line":40,"column":30}},"loc":{"start":{"line":40,"column":36},"end":{"line":40,"column":45}},"line":40},"11":{"name":"(anonymous_11)","decl":{"start":{"line":42,"column":26},"end":{"line":42,"column":27}},"loc":{"start":{"line":42,"column":33},"end":{"line":42,"column":43}},"line":42}},"branchMap":{},"s":{"0":3,"1":0,"2":0,"3":0,"4":0,"5":0,"6":0,"7":0,"8":0,"9":0,"10":0,"11":0,"12":0,"13":0,"14":0,"15":0},"f":{"0":0,"1":0,"2":0,"3":0,"4":0,"5":0,"6":0,"7":0,"8":0,"9":0,"10":0,"11":0},"b":{},"_coverageSchema":"1a1c01bbd47fc00a2c39e90264f33305004495a9","hash":"13a0900def39556a92a2159ceb5646c2d982d8c2"}
}
