TN:
SF:src/components/MovieCard.js
FN:8,(anonymous_0)
FN:33,(anonymous_1)
FNF:2
FNH:0
FNDA:0,(anonymous_0)
FNDA:0,(anonymous_1)
DA:8,2
DA:16,0
DA:18,0
DA:33,0
DA:42,2
LF:5
LH:2
BRF:0
BRH:0
end_of_record
TN:
SF:src/components/MovieSortCriteria.js
FN:10,(anonymous_0)
FN:13,(anonymous_1)
FN:33,(anonymous_2)
FNF:3
FNH:0
FNDA:0,(anonymous_0)
FNDA:0,(anonymous_1)
FNDA:0,(anonymous_2)
DA:10,3
DA:11,0
DA:13,0
DA:14,0
DA:16,0
DA:17,0
DA:19,0
DA:20,0
DA:22,0
DA:23,0
DA:25,0
DA:28,0
DA:34,0
LF:13
LH:1
BRDA:14,0,0,0
BRDA:14,0,1,0
BRDA:14,0,2,0
BRDA:14,0,3,0
BRF:4
BRH:0
end_of_record
TN:
SF:src/components/Shorten.js
FN:3,(anonymous_0)
FNF:1
FNH:0
FNDA:0,(anonymous_0)
DA:3,3
DA:4,0
LF:2
LH:1
BRF:0
BRH:0
end_of_record
TN:
SF:src/components/ErrorBoundary/ErrorBoundary.js
FN:7,(anonymous_0)
FN:14,(anonymous_1)
FNF:2
FNH:1
FNDA:0,(anonymous_0)
FNDA:2,(anonymous_1)
DA:5,1
DA:8,0
DA:15,2
DA:16,2
LF:4
LH:3
BRDA:16,0,0,1
BRDA:16,0,1,1
BRF:2
BRH:2
end_of_record
TN:
SF:src/components/ErrorBoundary/component.js
FN:3,(anonymous_0)
FN:18,(anonymous_1)
FNF:2
FNH:2
FNDA:1,(anonymous_0)
FNDA:1,(anonymous_1)
DA:3,3
DA:4,1
DA:19,1
LF:3
LH:3
BRF:0
BRH:0
end_of_record
TN:
SF:src/components/FilterNavigation/FilterNavigation.js
FN:5,(anonymous_0)
FN:9,(anonymous_1)
FN:10,(anonymous_2)
FN:11,(anonymous_3)
FN:12,(anonymous_4)
FN:13,(anonymous_5)
FNF:6
FNH:0
FNDA:0,(anonymous_0)
FNDA:0,(anonymous_1)
FNDA:0,(anonymous_2)
FNDA:0,(anonymous_3)
FNDA:0,(anonymous_4)
FNDA:0,(anonymous_5)
DA:5,3
DA:6,0
DA:7,0
DA:9,0
DA:10,0
DA:11,0
DA:12,0
DA:13,0
LF:8
LH:1
BRF:0
BRH:0
end_of_record
TN:
SF:src/components/FilterNavigation/Navigation.js
FN:5,(anonymous_0)
FNF:1
FNH:1
FNDA:1,(anonymous_0)
DA:5,2
DA:6,1
LF:2
LH:2
BRF:0
BRH:0
end_of_record
TN:
SF:src/components/Footer/Footer.js
FN:3,(anonymous_0)
FNF:1
FNH:0
FNDA:0,(anonymous_0)
DA:3,1
DA:4,0
LF:2
LH:1
BRF:0
BRH:0
end_of_record
TN:
SF:src/components/FormikMovieForms/FormikAddMovie.js
FN:29,(anonymous_0)
FN:33,(anonymous_1)
FN:42,(anonymous_2)
FN:68,(anonymous_3)
FN:71,(anonymous_4)
FNF:5
FNH:0
FNDA:0,(anonymous_0)
FNDA:0,(anonymous_1)
FNDA:0,(anonymous_2)
FNDA:0,(anonymous_3)
FNDA:0,(anonymous_4)
DA:13,1
DA:29,1
DA:30,0
DA:31,0
DA:33,0
DA:34,0
DA:35,0
DA:36,0
DA:37,0
DA:39,0
DA:42,0
DA:43,0
DA:44,0
DA:47,0
DA:69,0
DA:72,0
LF:16
LH:2
BRDA:94,0,0,0
BRDA:94,0,1,0
BRF:2
BRH:0
end_of_record
TN:
SF:src/components/FormikMovieForms/FormikField.js
FN:4,(anonymous_0)
FNF:1
FNH:1
FNDA:1,(anonymous_0)
DA:4,2
DA:5,1
LF:2
LH:2
BRDA:16,0,0,0
BRDA:16,0,1,1
BRDA:16,1,0,1
BRDA:16,1,1,0
BRF:4
BRH:2
end_of_record
TN:
SF:src/components/FormikMovieForms/fieldArray.js
FNF:0
FNH:0
DA:1,1
LF:1
LH:1
BRF:0
BRH:0
end_of_record
TN:
SF:src/components/InnerBanner/InnerBanner.js
FN:7,(anonymous_0)
FN:22,(anonymous_1)
FN:30,(anonymous_2)
FNF:3
FNH:0
FNDA:0,(anonymous_0)
FNDA:0,(anonymous_1)
FNDA:0,(anonymous_2)
DA:7,1
DA:8,0
DA:9,0
DA:10,0
DA:23,0
DA:24,0
DA:31,0
LF:7
LH:1
BRF:0
BRH:0
end_of_record
TN:
SF:src/components/InnerBanner/MovieBanner.js
FN:7,(anonymous_0)
FN:10,(anonymous_1)
FN:11,(anonymous_2)
FN:18,(anonymous_3)
FN:19,(anonymous_4)
FN:20,(anonymous_5)
FN:30,(anonymous_6)
FN:33,(anonymous_7)
FN:36,(anonymous_8)
FN:38,(anonymous_9)
FN:39,(anonymous_10)
FN:41,(anonymous_11)
FNF:12
FNH:0
FNDA:0,(anonymous_0)
FNDA:0,(anonymous_1)
FNDA:0,(anonymous_2)
FNDA:0,(anonymous_3)
FNDA:0,(anonymous_4)
FNDA:0,(anonymous_5)
FNDA:0,(anonymous_6)
FNDA:0,(anonymous_7)
FNDA:0,(anonymous_8)
FNDA:0,(anonymous_9)
FNDA:0,(anonymous_10)
FNDA:0,(anonymous_11)
DA:7,2
DA:8,0
DA:9,0
DA:10,0
DA:11,0
DA:14,0
DA:18,0
DA:19,0
DA:21,0
DA:30,0
DA:33,0
DA:36,0
DA:38,0
DA:39,0
DA:41,0
LF:15
LH:1
BRF:0
BRH:0
end_of_record
TN:
SF:src/components/MovieCardsContainer/MovieCardsContainer.js
FN:9,(anonymous_0)
FN:16,(anonymous_1)
FN:18,(anonymous_2)
FN:28,(anonymous_3)
FN:37,(anonymous_4)
FN:43,(anonymous_5)
FN:51,(anonymous_6)
FNF:7
FNH:0
FNDA:0,(anonymous_0)
FNDA:0,(anonymous_1)
FNDA:0,(anonymous_2)
FNDA:0,(anonymous_3)
FNDA:0,(anonymous_4)
FNDA:0,(anonymous_5)
FNDA:0,(anonymous_6)
DA:9,1
DA:10,0
DA:11,0
DA:12,0
DA:14,0
DA:17,0
DA:19,0
DA:20,0
DA:21,0
DA:24,0
DA:26,0
DA:29,0
DA:30,0
DA:31,0
DA:32,0
DA:34,0
DA:38,0
DA:44,0
DA:52,0
LF:19
LH:1
BRDA:19,0,0,0
BRDA:19,0,1,0
BRDA:21,1,0,0
BRDA:21,1,1,0
BRDA:29,2,0,0
BRDA:29,2,1,0
BRDA:31,3,0,0
BRDA:31,3,1,0
BRF:8
BRH:0
end_of_record
TN:
SF:src/pages/MoviePage/MoviePage.js
FN:8,(anonymous_0)
FNF:1
FNH:1
FNDA:1,(anonymous_0)
DA:8,1
DA:9,1
LF:2
LH:2
BRF:0
BRH:0
end_of_record
TN:
SF:src/store/actionCreators.js
FN:9,(anonymous_0)
FN:16,(anonymous_1)
FN:23,(anonymous_2)
FN:30,(anonymous_3)
FN:37,(anonymous_4)
FNF:5
FNH:0
FNDA:0,(anonymous_0)
FNDA:0,(anonymous_1)
FNDA:0,(anonymous_2)
FNDA:0,(anonymous_3)
FNDA:0,(anonymous_4)
DA:9,6
DA:10,0
DA:16,6
DA:17,0
DA:23,6
DA:24,0
DA:30,6
DA:31,0
DA:37,6
DA:38,0
LF:10
LH:5
BRF:0
BRH:0
end_of_record
TN:
SF:src/store/actionTypes.js
FNF:0
FNH:0
DA:1,8
DA:2,8
DA:3,8
DA:4,8
DA:5,8
DA:6,8
DA:7,8
DA:8,8
DA:9,8
DA:10,8
LF:10
LH:10
BRF:0
BRH:0
end_of_record
TN:
SF:src/store/reducer.js
FN:20,(anonymous_0)
FN:38,(anonymous_1)
FNF:2
FNH:1
FNDA:7,(anonymous_0)
FNDA:0,(anonymous_1)
DA:13,1
DA:20,1
DA:21,7
DA:26,4
DA:32,0
DA:38,0
DA:39,0
DA:42,0
DA:45,1
DA:51,1
DA:57,1
DA:62,0
LF:12
LH:7
BRDA:20,0,0,0
BRDA:21,1,0,1
BRDA:21,1,1,2
BRDA:21,1,2,3
BRDA:21,1,3,4
BRDA:21,1,4,0
BRDA:21,1,5,0
BRDA:21,1,6,1
BRDA:21,1,7,1
BRDA:21,1,8,1
BRDA:21,1,9,0
BRF:11
BRH:7
end_of_record
TN:
SF:src/store/selectors.js
FN:3,(anonymous_0)
FN:4,(anonymous_1)
FN:6,(anonymous_2)
FN:7,(anonymous_3)
FN:9,(anonymous_4)
FN:10,(anonymous_5)
FNF:6
FNH:0
FNDA:0,(anonymous_0)
FNDA:0,(anonymous_1)
FNDA:0,(anonymous_2)
FNDA:0,(anonymous_3)
FNDA:0,(anonymous_4)
FNDA:0,(anonymous_5)
DA:3,2
DA:4,0
DA:6,2
DA:7,0
DA:9,2
DA:10,0
LF:6
LH:3
BRF:0
BRH:0
end_of_record
TN:
SF:src/store/thunk.js
FN:10,(anonymous_0)
FN:10,(anonymous_1)
FN:20,(anonymous_2)
FN:20,(anonymous_3)
FN:30,(anonymous_4)
FN:30,(anonymous_5)
FN:40,(anonymous_6)
FN:40,(anonymous_7)
FNF:8
FNH:0
FNDA:0,(anonymous_0)
FNDA:0,(anonymous_1)
FNDA:0,(anonymous_2)
FNDA:0,(anonymous_3)
FNDA:0,(anonymous_4)
FNDA:0,(anonymous_5)
FNDA:0,(anonymous_6)
FNDA:0,(anonymous_7)
DA:8,3
DA:10,3
DA:11,0
DA:12,0
DA:13,0
DA:14,0
DA:20,3
DA:21,0
DA:22,0
DA:23,0
DA:24,0
DA:30,3
DA:31,0
DA:32,0
DA:33,0
DA:34,0
DA:40,3
DA:41,0
DA:42,0
DA:43,0
DA:44,0
LF:21
LH:5
BRF:0
BRH:0
end_of_record
