TN:
SF:src/components/404/Error404.js
FN:4,(anonymous_0)
FNF:1
FNH:1
FNDA:1,(anonymous_0)
DA:4,2
DA:5,1
LF:2
LH:2
BRF:0
BRH:0
end_of_record
TN:
SF:src/components/App/App.js
FN:11,(anonymous_0)
FN:13,(anonymous_1)
FNF:2
FNH:0
FNDA:0,(anonymous_0)
FNDA:0,(anonymous_1)
DA:11,1
DA:12,0
DA:13,0
DA:14,0
DA:16,0
LF:5
LH:1
BRF:0
BRH:0
end_of_record
TN:
SF:src/components/CompoundFunctions/Shorten.js
FN:3,(anonymous_0)
FNF:1
FNH:1
FNDA:1,(anonymous_0)
DA:3,5
DA:4,1
LF:2
LH:2
BRF:0
BRH:0
end_of_record
TN:
SF:src/components/ErrorBoundary/ErrorBoundary.js
FN:7,(anonymous_0)
FN:14,(anonymous_1)
FNF:2
FNH:1
FNDA:0,(anonymous_0)
FNDA:2,(anonymous_1)
DA:5,1
DA:8,0
DA:15,2
DA:16,2
LF:4
LH:3
BRDA:16,0,0,1
BRDA:16,0,1,1
BRF:2
BRH:2
end_of_record
TN:
SF:src/components/ErrorBoundary/component.js
FN:3,(anonymous_0)
FN:18,(anonymous_1)
FNF:2
FNH:2
FNDA:1,(anonymous_0)
FNDA:1,(anonymous_1)
DA:3,4
DA:4,1
DA:19,1
LF:3
LH:3
BRF:0
BRH:0
end_of_record
TN:
SF:src/components/FilterNavigation/FilterNavigation.js
FN:5,(anonymous_0)
FN:9,(anonymous_1)
FN:12,(anonymous_2)
FN:13,(anonymous_3)
FN:14,(anonymous_4)
FN:15,(anonymous_5)
FNF:6
FNH:2
FNDA:2,(anonymous_0)
FNDA:1,(anonymous_1)
FNDA:0,(anonymous_2)
FNDA:0,(anonymous_3)
FNDA:0,(anonymous_4)
FNDA:0,(anonymous_5)
DA:5,4
DA:6,2
DA:7,2
DA:9,1
DA:12,0
DA:13,0
DA:14,0
DA:15,0
LF:8
LH:4
BRF:0
BRH:0
end_of_record
TN:
SF:src/components/FilterNavigation/Navigation.js
FN:5,(anonymous_0)
FNF:1
FNH:1
FNDA:1,(anonymous_0)
DA:5,3
DA:6,1
LF:2
LH:2
BRF:0
BRH:0
end_of_record
TN:
SF:src/components/Footer/Footer.js
FN:3,(anonymous_0)
FNF:1
FNH:0
FNDA:0,(anonymous_0)
DA:3,2
DA:4,0
LF:2
LH:1
BRF:0
BRH:0
end_of_record
TN:
SF:src/components/FormikMovieForms/EditMovie.js
FN:19,(anonymous_0)
FN:22,(anonymous_1)
FN:41,(anonymous_2)
FN:43,(anonymous_3)
FNF:4
FNH:0
FNDA:0,(anonymous_0)
FNDA:0,(anonymous_1)
FNDA:0,(anonymous_2)
FNDA:0,(anonymous_3)
DA:7,1
DA:19,1
DA:20,0
DA:22,0
DA:23,0
DA:26,0
DA:42,0
DA:44,0
LF:8
LH:2
BRDA:65,0,0,0
BRDA:65,0,1,0
BRF:2
BRH:0
end_of_record
TN:
SF:src/components/FormikMovieForms/FormikAddMovie.js
FN:29,(anonymous_0)
FN:33,(anonymous_1)
FN:42,(anonymous_2)
FN:68,(anonymous_3)
FN:71,(anonymous_4)
FNF:5
FNH:3
FNDA:7,(anonymous_0)
FNDA:0,(anonymous_1)
FNDA:0,(anonymous_2)
FNDA:7,(anonymous_3)
FNDA:42,(anonymous_4)
DA:13,3
DA:29,3
DA:30,7
DA:31,7
DA:33,7
DA:34,0
DA:35,0
DA:36,0
DA:37,0
DA:39,0
DA:42,7
DA:43,0
DA:44,0
DA:47,7
DA:69,7
DA:72,42
LF:16
LH:9
BRDA:94,0,0,0
BRDA:94,0,1,7
BRF:2
BRH:1
end_of_record
TN:
SF:src/components/FormikMovieForms/FormikField.js
FN:4,(anonymous_0)
FNF:1
FNH:1
FNDA:43,(anonymous_0)
DA:4,4
DA:5,43
LF:2
LH:2
BRDA:16,0,0,0
BRDA:16,0,1,43
BRDA:16,1,0,43
BRDA:16,1,1,0
BRF:4
BRH:2
end_of_record
TN:
SF:src/components/FormikMovieForms/fieldArray.js
FNF:0
FNH:0
DA:1,3
LF:1
LH:1
BRF:0
BRH:0
end_of_record
TN:
SF:src/components/InnerBanner/InnerBanner.js
FN:5,(anonymous_0)
FN:21,(anonymous_1)
FN:30,(anonymous_2)
FNF:3
FNH:3
FNDA:5,(anonymous_0)
FNDA:1,(anonymous_1)
FNDA:1,(anonymous_2)
DA:5,2
DA:7,5
DA:8,5
DA:22,1
DA:23,1
LF:5
LH:5
BRF:0
BRH:0
end_of_record
TN:
SF:src/components/InnerBanner/MovieBanner.js
FN:7,(anonymous_0)
FN:10,(anonymous_1)
FN:11,(anonymous_2)
FN:18,(anonymous_3)
FN:19,(anonymous_4)
FN:21,(anonymous_5)
FN:31,(anonymous_6)
FN:34,(anonymous_7)
FN:37,(anonymous_8)
FN:39,(anonymous_9)
FN:40,(anonymous_10)
FN:42,(anonymous_11)
FNF:12
FNH:0
FNDA:0,(anonymous_0)
FNDA:0,(anonymous_1)
FNDA:0,(anonymous_2)
FNDA:0,(anonymous_3)
FNDA:0,(anonymous_4)
FNDA:0,(anonymous_5)
FNDA:0,(anonymous_6)
FNDA:0,(anonymous_7)
FNDA:0,(anonymous_8)
FNDA:0,(anonymous_9)
FNDA:0,(anonymous_10)
FNDA:0,(anonymous_11)
DA:7,3
DA:8,0
DA:9,0
DA:10,0
DA:11,0
DA:14,0
DA:18,0
DA:19,0
DA:22,0
DA:31,0
DA:34,0
DA:37,0
DA:39,0
DA:40,0
DA:42,0
LF:15
LH:1
BRF:0
BRH:0
end_of_record
TN:
SF:src/components/MovieCard/MovieCard.js
FN:8,(anonymous_0)
FN:33,(anonymous_1)
FNF:2
FNH:1
FNDA:1,(anonymous_0)
FNDA:0,(anonymous_1)
DA:8,4
DA:16,1
DA:18,1
DA:33,0
DA:42,4
LF:5
LH:4
BRF:0
BRH:0
end_of_record
TN:
SF:src/components/MovieCardsContainer/MovieCardsContainer.js
FN:5,(anonymous_0)
FN:10,(anonymous_1)
FN:12,(anonymous_2)
FN:18,(anonymous_3)
FN:26,(anonymous_4)
FNF:5
FNH:0
FNDA:0,(anonymous_0)
FNDA:0,(anonymous_1)
FNDA:0,(anonymous_2)
FNDA:0,(anonymous_3)
FNDA:0,(anonymous_4)
DA:5,3
DA:6,0
DA:8,0
DA:11,0
DA:13,0
DA:19,0
DA:27,0
LF:7
LH:1
BRF:0
BRH:0
end_of_record
TN:
SF:src/components/MovieSorting/MovieSortCriteria.js
FN:10,(anonymous_0)
FN:13,(anonymous_1)
FN:33,(anonymous_2)
FNF:3
FNH:3
FNDA:1,(anonymous_0)
FNDA:1,(anonymous_1)
FNDA:1,(anonymous_2)
DA:10,4
DA:11,1
DA:13,1
DA:14,1
DA:16,1
DA:17,0
DA:19,0
DA:20,0
DA:22,0
DA:23,0
DA:25,0
DA:28,1
DA:34,1
LF:13
LH:7
BRDA:14,0,0,1
BRDA:14,0,1,0
BRDA:14,0,2,0
BRDA:14,0,3,0
BRF:4
BRH:1
end_of_record
TN:
SF:src/pages/Home.js
FN:8,(anonymous_0)
FNF:1
FNH:0
FNDA:0,(anonymous_0)
DA:8,1
DA:9,0
LF:2
LH:1
BRF:0
BRH:0
end_of_record
TN:
SF:src/pages/MoviePage/MoviePage.js
FN:8,(anonymous_0)
FNF:1
FNH:1
FNDA:1,(anonymous_0)
DA:8,2
DA:9,1
LF:2
LH:2
BRF:0
BRH:0
end_of_record
TN:
SF:src/store/actionCreators.js
FN:9,(anonymous_0)
FN:16,(anonymous_1)
FN:23,(anonymous_2)
FN:30,(anonymous_3)
FN:37,(anonymous_4)
FNF:5
FNH:1
FNDA:0,(anonymous_0)
FNDA:0,(anonymous_1)
FNDA:0,(anonymous_2)
FNDA:0,(anonymous_3)
FNDA:1,(anonymous_4)
DA:9,8
DA:10,0
DA:16,8
DA:17,0
DA:23,8
DA:24,0
DA:30,8
DA:31,0
DA:37,8
DA:38,1
LF:10
LH:6
BRF:0
BRH:0
end_of_record
TN:
SF:src/store/actionTypes.js
FNF:0
FNH:0
DA:1,11
DA:2,11
DA:3,11
DA:4,11
DA:5,11
DA:6,11
DA:7,11
DA:8,11
DA:9,11
DA:10,11
LF:10
LH:10
BRF:0
BRH:0
end_of_record
TN:
SF:src/store/reducer.js
FN:20,(anonymous_0)
FN:38,(anonymous_1)
FNF:2
FNH:1
FNDA:6,(anonymous_0)
FNDA:0,(anonymous_1)
DA:13,1
DA:20,1
DA:21,6
DA:26,4
DA:32,0
DA:38,0
DA:39,0
DA:42,0
DA:45,0
DA:51,1
DA:57,1
DA:62,0
LF:12
LH:6
BRDA:20,0,0,0
BRDA:21,1,0,1
BRDA:21,1,1,2
BRDA:21,1,2,3
BRDA:21,1,3,4
BRDA:21,1,4,0
BRDA:21,1,5,0
BRDA:21,1,6,0
BRDA:21,1,7,1
BRDA:21,1,8,1
BRDA:21,1,9,0
BRF:11
BRH:6
end_of_record
TN:
SF:src/store/selectors.js
FN:4,(anonymous_0)
FN:5,(anonymous_1)
FN:7,(anonymous_2)
FN:8,(anonymous_3)
FN:10,(anonymous_4)
FN:11,(anonymous_5)
FN:13,(anonymous_6)
FN:14,(anonymous_7)
FN:16,(anonymous_8)
FN:17,(anonymous_9)
FNF:10
FNH:1
FNDA:0,(anonymous_0)
FNDA:0,(anonymous_1)
FNDA:0,(anonymous_2)
FNDA:0,(anonymous_3)
FNDA:0,(anonymous_4)
FNDA:0,(anonymous_5)
FNDA:2,(anonymous_6)
FNDA:0,(anonymous_7)
FNDA:0,(anonymous_8)
FNDA:0,(anonymous_9)
DA:4,7
DA:5,0
DA:7,7
DA:8,0
DA:10,7
DA:11,0
DA:13,7
DA:14,2
DA:16,7
DA:17,0
LF:10
LH:6
BRF:0
BRH:0
end_of_record
TN:
SF:src/store/thunk.js
FN:35,(anonymous_0)
FN:35,(anonymous_1)
FN:44,(anonymous_2)
FN:51,(anonymous_3)
FN:51,(anonymous_4)
FN:52,(anonymous_5)
FN:59,(anonymous_6)
FN:59,(anonymous_7)
FN:60,(anonymous_8)
FN:66,(anonymous_9)
FN:66,(anonymous_10)
FN:67,(anonymous_11)
FNF:12
FNH:12
FNDA:1,(anonymous_0)
FNDA:1,(anonymous_1)
FNDA:1,(anonymous_2)
FNDA:2,(anonymous_3)
FNDA:1,(anonymous_4)
FNDA:1,(anonymous_5)
FNDA:1,(anonymous_6)
FNDA:1,(anonymous_7)
FNDA:1,(anonymous_8)
FNDA:1,(anonymous_9)
FNDA:1,(anonymous_10)
FNDA:1,(anonymous_11)
DA:13,5
DA:35,5
DA:36,1
DA:45,1
DA:51,5
DA:52,1
DA:53,1
DA:59,5
DA:60,1
DA:61,1
DA:66,5
DA:67,1
DA:68,1
LF:13
LH:13
BRF:0
BRH:0
end_of_record
